[1;33m[WARNING][0m Image not found, building...
[0;34m[INFO][0m Building KATO v2.0 Docker image...
[0;32m[SUCCESS][0m KATO v2.0 Docker image built successfully
[0;34m[INFO][0m Starting KATO v2.0 services...
[0;32m[SUCCESS][0m KATO v2.0 services started
[0;34m[INFO][0m Waiting for services to be ready...
[0;34m[INFO][0m KATO v2.0 Services Status:
[0;34m[INFO][0m Service URLs:
[0;34m[INFO][0m Health Check:
[0;34m[INFO][0m v2.0 Features:
[0;34m[INFO][0m Stopping KATO v2.0 services...
[0;32m[SUCCESS][0m KATO v2.0 services stopped
[1;33m[WARNING][0m Image not found, building...
[0;34m[INFO][0m Building KATO v2.0 Docker image...
[0;32m[SUCCESS][0m KATO v2.0 Docker image built successfully
[0;34m[INFO][0m Starting KATO v2.0 services...
[0;32m[SUCCESS][0m KATO v2.0 services started
[0;34m[INFO][0m Waiting for services to be ready...
[0;34m[INFO][0m KATO v2.0 Services Status:
[0;34m[INFO][0m Service URLs:
[0;34m[INFO][0m Health Check:
[0;34m[INFO][0m v2.0 Features:
[0;34m[INFO][0m Stopping KATO v2.0 services...
[0;32m[SUCCESS][0m KATO v2.0 services stopped
[1;33m[WARNING][0m Image not found, building...
[0;34m[INFO][0m Building KATO v2.0 Docker image...
[0;32m[SUCCESS][0m KATO v2.0 Docker image built successfully
[0;34m[INFO][0m Starting KATO v2.0 services...
[0;32m[SUCCESS][0m KATO v2.0 services started
[0;34m[INFO][0m Waiting for services to be ready...
[0;34m[INFO][0m KATO v2.0 Services Status:
[0;34m[INFO][0m Service URLs:
[0;34m[INFO][0m Health Check:
[0;34m[INFO][0m v2.0 Features:
[0;34m[INFO][0m Stopping KATO v2.0 services...
[0;32m[SUCCESS][0m KATO v2.0 services stopped
[1;33m[WARNING][0m Image not found, building...
[0;34m[INFO][0m Building KATO v2.0 Docker image...
[0;32m[SUCCESS][0m KATO v2.0 Docker image built successfully
[0;34m[INFO][0m Starting KATO v2.0 services...
[0;32m[SUCCESS][0m KATO v2.0 services started
[0;34m[INFO][0m Waiting for services to be ready...
[0;34m[INFO][0m KATO v2.0 Services Status:
[0;34m[INFO][0m Service URLs:
[0;34m[INFO][0m Health Check:
[0;34m[INFO][0m v2.0 Features:
[0;34m[INFO][0m Stopping KATO v2.0 services...
[0;32m[SUCCESS][0m KATO v2.0 services stopped
[1;33m[WARNING][0m Image not found, building...
[0;34m[INFO][0m Building KATO v2.0 Docker image...
[0;32m[SUCCESS][0m KATO v2.0 Docker image built successfully
[0;34m[INFO][0m Starting KATO v2.0 services...
[0;32m[SUCCESS][0m KATO v2.0 services started
[0;34m[INFO][0m Waiting for services to be ready...
[0;34m[INFO][0m KATO v2.0 Services Status:
[0;34m[INFO][0m Service URLs:
[0;34m[INFO][0m Health Check:
[0;34m[INFO][0m v2.0 Features:
[0;34m[INFO][0m Stopping KATO v2.0 services...
[0;32m[SUCCESS][0m KATO v2.0 services stopped
[1;33m[WARNING][0m Image not found, building...
[0;34m[INFO][0m Building KATO v2.0 Docker image...
[0;32m[SUCCESS][0m KATO v2.0 Docker image built successfully
[0;34m[INFO][0m Starting KATO v2.0 services...
[0;32m[SUCCESS][0m KATO v2.0 services started
[0;34m[INFO][0m Waiting for services to be ready...
[0;34m[INFO][0m KATO v2.0 Services Status:
[0;34m[INFO][0m Service URLs:
[0;34m[INFO][0m Health Check:
[0;34m[INFO][0m v2.0 Features:
[0;34m[INFO][0m Stopping KATO v2.0 services...
[0;32m[SUCCESS][0m KATO v2.0 services stopped
[1;33m[WARNING][0m Image not found, building...
[0;34m[INFO][0m Building KATO v2.0 Docker image...
[0;32m[SUCCESS][0m KATO v2.0 Docker image built successfully
[0;34m[INFO][0m Starting KATO v2.0 services...
[0;32m[SUCCESS][0m KATO v2.0 services started
[0;34m[INFO][0m Waiting for services to be ready...
[0;34m[INFO][0m KATO v2.0 Services Status:
[0;34m[INFO][0m Service URLs:
[0;34m[INFO][0m Health Check:
[0;34m[INFO][0m v2.0 Features:
[0;34m[INFO][0m Stopping KATO v2.0 services...
[0;32m[SUCCESS][0m KATO v2.0 services stopped
[1;33m[WARNING][0m Image not found, building...
[0;34m[INFO][0m Building KATO v2.0 Docker image...
[0;32m[SUCCESS][0m KATO v2.0 Docker image built successfully
[0;34m[INFO][0m Starting KATO v2.0 services...
[0;32m[SUCCESS][0m KATO v2.0 services started
[0;34m[INFO][0m Waiting for services to be ready...
[0;34m[INFO][0m KATO v2.0 Services Status:
[0;34m[INFO][0m Service URLs:
[0;34m[INFO][0m Health Check:
[0;34m[INFO][0m v2.0 Features:
[0;34m[INFO][0m Stopping KATO v2.0 services...
[0;32m[SUCCESS][0m KATO v2.0 services stopped
[1;33m[WARNING][0m Image not found, building...
[0;34m[INFO][0m Building KATO v2.0 Docker image...
[0;32m[SUCCESS][0m KATO v2.0 Docker image built successfully
[0;34m[INFO][0m Starting KATO v2.0 services...
[0;32m[SUCCESS][0m KATO v2.0 services started
[0;34m[INFO][0m Waiting for services to be ready...
[0;34m[INFO][0m KATO v2.0 Services Status:
[0;34m[INFO][0m Service URLs:
[0;34m[INFO][0m Health Check:
[0;34m[INFO][0m v2.0 Features:
[0;34m[INFO][0m Stopping KATO v2.0 services...
[0;32m[SUCCESS][0m KATO v2.0 services stopped
[1;33m[WARNING][0m Image not found, building...
[0;34m[INFO][0m Building KATO v2.0 Docker image...
[0;32m[SUCCESS][0m KATO v2.0 Docker image built successfully
[0;34m[INFO][0m Starting KATO v2.0 services...
[0;32m[SUCCESS][0m KATO v2.0 services started
[0;34m[INFO][0m Waiting for services to be ready...
[0;34m[INFO][0m KATO v2.0 Services Status:
[0;34m[INFO][0m Service URLs:
[0;34m[INFO][0m Health Check:
[0;34m[INFO][0m v2.0 Features:
[0;34m[INFO][0m KATO v2.0 Services Status:
[0;34m[INFO][0m Service URLs:
[0;34m[INFO][0m Health Check:
[0;34m[INFO][0m v2.0 Features:
[0;34m[INFO][0m Building KATO v2.0 Docker image...
[0;32m[SUCCESS][0m KATO v2.0 Docker image built successfully
[0;34m[INFO][0m Stopping KATO v2.0 services...
[0;32m[SUCCESS][0m KATO v2.0 services stopped
[1;33m[WARNING][0m Image not found, building...
[0;34m[INFO][0m Building KATO v2.0 Docker image...
[0;32m[SUCCESS][0m KATO v2.0 Docker image built successfully
[0;34m[INFO][0m Starting KATO v2.0 services...
[0;32m[SUCCESS][0m KATO v2.0 services started
[0;34m[INFO][0m Waiting for services to be ready...
[0;34m[INFO][0m KATO v2.0 Services Status:
[0;34m[INFO][0m Service URLs:
[0;34m[INFO][0m Health Check:
[0;34m[INFO][0m v2.0 Features:
[0;34m[INFO][0m Stopping KATO v2.0 services...
[0;32m[SUCCESS][0m KATO v2.0 services stopped
[1;33m[WARNING][0m Image not found, building...
[0;34m[INFO][0m Building KATO v2.0 Docker image...
[0;32m[SUCCESS][0m KATO v2.0 Docker image built successfully
[0;34m[INFO][0m Starting KATO v2.0 services...
[0;32m[SUCCESS][0m KATO v2.0 services started
[0;34m[INFO][0m Waiting for services to be ready...
[0;34m[INFO][0m KATO v2.0 Services Status:
[0;34m[INFO][0m Service URLs:
[0;34m[INFO][0m Health Check:
[0;34m[INFO][0m v2.0 Features:
[0;34m[INFO][0m Stopping KATO v2.0 services...
[0;32m[SUCCESS][0m KATO v2.0 services stopped
[1;33m[WARNING][0m Image not found, building...
[0;34m[INFO][0m Building KATO v2.0 Docker image...
[0;32m[SUCCESS][0m KATO v2.0 Docker image built successfully
[0;34m[INFO][0m Starting KATO v2.0 services...
[0;32m[SUCCESS][0m KATO v2.0 services started
[0;34m[INFO][0m Waiting for services to be ready...
[0;34m[INFO][0m KATO v2.0 Services Status:
[0;34m[INFO][0m Service URLs:
[0;34m[INFO][0m Health Check:
[0;34m[INFO][0m v2.0 Features:
[0;34m[INFO][0m Stopping KATO v2.0 services...
[0;32m[SUCCESS][0m KATO v2.0 services stopped
[1;33m[WARNING][0m Image not found, building...
[0;34m[INFO][0m Building KATO v2.0 Docker image...
[0;32m[SUCCESS][0m KATO v2.0 Docker image built successfully
[0;34m[INFO][0m Starting KATO v2.0 services...
[0;32m[SUCCESS][0m KATO v2.0 services started
[0;34m[INFO][0m Waiting for services to be ready...
[0;34m[INFO][0m KATO v2.0 Services Status:
[0;34m[INFO][0m Service URLs:
[0;34m[INFO][0m Health Check:
[0;34m[INFO][0m v2.0 Features:
[0;34m[INFO][0m KATO v2.0 Services Status:
[0;34m[INFO][0m Service URLs:
[0;34m[INFO][0m Health Check:
[0;34m[INFO][0m v2.0 Features:
[0;34m[INFO][0m Stopping KATO v2.0 services...
[0;32m[SUCCESS][0m KATO v2.0 services stopped
[0;34m[INFO][0m Starting KATO in test mode (single instance)...
[0;31m[ERROR][0m Failed to start test services
[0;34m[INFO][0m KATO v2.0 Services Status:
[0;34m[INFO][0m Service URLs:
[0;34m[INFO][0m Health Check:
[0;34m[INFO][0m v2.0 Features:
[0;34m[INFO][0m Starting KATO in test mode (single instance)...
[0;32m[SUCCESS][0m KATO test instance started
[0;34m[INFO][0m Waiting for services to be ready...
[0;34m[INFO][0m KATO Test Instance Status:
[0;34m[INFO][0m Service URLs:
[0;34m[INFO][0m Health Check:
[0;34m[INFO][0m KATO v2.0 Services Status:
[0;34m[INFO][0m Service URLs:
[0;34m[INFO][0m Health Check:
[0;34m[INFO][0m v2.0 Features:
[1;33m[WARNING][0m Image not found, building...
[0;34m[INFO][0m Building KATO v2.0 Docker image...
[0;32m[SUCCESS][0m KATO v2.0 Docker image built successfully
[0;34m[INFO][0m Starting KATO v2.0 services...
[0;32m[SUCCESS][0m KATO v2.0 services started
[0;34m[INFO][0m Waiting for services to be ready...
[0;34m[INFO][0m KATO v2.0 Services Status:
[0;34m[INFO][0m Service URLs:
[0;34m[INFO][0m Health Check:
[0;34m[INFO][0m v2.0 Features:
[0;34m[INFO][0m Starting KATO in test mode (single instance)...
[0;31m[ERROR][0m Failed to start test services
[0;34m[INFO][0m Starting KATO in test mode (single instance)...
[0;32m[SUCCESS][0m KATO test instance started
[0;34m[INFO][0m Waiting for services to be ready...
[0;34m[INFO][0m KATO Test Instance Status:
[0;34m[INFO][0m Service URLs:
[0;34m[INFO][0m Health Check:
[0;34m[INFO][0m Starting KATO in test mode (single instance)...
[0;32m[SUCCESS][0m KATO test instance started
[0;34m[INFO][0m Waiting for services to be ready...
[0;34m[INFO][0m KATO Test Instance Status:
[0;34m[INFO][0m Service URLs:
[0;34m[INFO][0m Health Check:
[0;34m[INFO][0m Stopping KATO v2.0 services...
[0;32m[SUCCESS][0m KATO v2.0 services stopped
[1;33m[WARNING][0m Image not found, building...
[0;34m[INFO][0m Building KATO v2.0 Docker image...
[0;32m[SUCCESS][0m KATO v2.0 Docker image built successfully
[0;34m[INFO][0m Starting KATO v2.0 services...
[1;33m[WARNING][0m Image not found, building...
[0;34m[INFO][0m Building KATO v2.0 Docker image...
[0;32m[SUCCESS][0m KATO v2.0 Docker image built successfully
[0;34m[INFO][0m Starting KATO v2.0 services...
[0;32m[SUCCESS][0m KATO v2.0 services started
[0;34m[INFO][0m Waiting for services to be ready...
[0;34m[INFO][0m KATO v2.0 Services Status:
[0;34m[INFO][0m Service URLs:
[0;34m[INFO][0m Health Check:
[0;34m[INFO][0m v2.0 Features:
[0;34m[INFO][0m Stopping KATO v2.0 services...
[0;32m[SUCCESS][0m KATO v2.0 services stopped
[1;33m[WARNING][0m Image not found, building...
[0;34m[INFO][0m Building KATO v2.0 Docker image...
[0;32m[SUCCESS][0m KATO v2.0 Docker image built successfully
[0;34m[INFO][0m Starting KATO v2.0 services...
[0;32m[SUCCESS][0m KATO v2.0 services started
[0;34m[INFO][0m Waiting for services to be ready...
[0;34m[INFO][0m KATO v2.0 Services Status:
[0;34m[INFO][0m Service URLs:
[0;34m[INFO][0m Health Check:
[0;34m[INFO][0m v2.0 Features:
[0;34m[INFO][0m Stopping KATO v2.0 services...
[0;32m[SUCCESS][0m KATO v2.0 services stopped
[1;33m[WARNING][0m Image not found, building...
[0;34m[INFO][0m Building KATO v2.0 Docker image...
[0;32m[SUCCESS][0m KATO v2.0 Docker image built successfully
[0;34m[INFO][0m Starting KATO v2.0 services...
[0;32m[SUCCESS][0m KATO v2.0 services started
[0;34m[INFO][0m Waiting for services to be ready...
[0;34m[INFO][0m KATO v2.0 Services Status:
[0;34m[INFO][0m Service URLs:
[0;34m[INFO][0m Health Check:
[0;34m[INFO][0m v2.0 Features:
[0;34m[INFO][0m Starting KATO in test mode (single instance)...
[0;31m[ERROR][0m Failed to start test services
[0;34m[INFO][0m Starting KATO in test mode (single instance)...
[0;31m[ERROR][0m Failed to start test services
[0;34m[INFO][0m Starting KATO in test mode (single instance)...
[0;32m[SUCCESS][0m KATO test instance started
[0;34m[INFO][0m Waiting for services to be ready...
[0;34m[INFO][0m KATO Test Instance Status:
[0;34m[INFO][0m Service URLs:
[0;34m[INFO][0m Health Check:
[0;34m[INFO][0m Building KATO v2.0 Docker image...
[0;32m[SUCCESS][0m KATO v2.0 Docker image built successfully
[0;34m[INFO][0m Stopping KATO v2.0 services...
[0;32m[SUCCESS][0m KATO v2.0 services stopped
[1;33m[WARNING][0m Image not found, building...
[0;34m[INFO][0m Building KATO v2.0 Docker image...
[0;32m[SUCCESS][0m KATO v2.0 Docker image built successfully
[0;34m[INFO][0m Starting KATO v2.0 services...
[1;33m[WARNING][0m Image not found, building...
[0;34m[INFO][0m Building KATO v2.0 Docker image...
[0;32m[SUCCESS][0m KATO v2.0 Docker image built successfully
[0;34m[INFO][0m Starting KATO v2.0 services...
[0;32m[SUCCESS][0m KATO v2.0 services started
[0;34m[INFO][0m Waiting for services to be ready...
[0;34m[INFO][0m KATO v2.0 Services Status:
[0;34m[INFO][0m Service URLs:
[0;34m[INFO][0m Health Check:
[0;34m[INFO][0m v2.0 Features:
[0;34m[INFO][0m Building KATO v2.0 Docker image...
[0;32m[SUCCESS][0m KATO v2.0 Docker image built successfully
[0;34m[INFO][0m Stopping KATO v2.0 services...
[0;32m[SUCCESS][0m KATO v2.0 services stopped
[1;33m[WARNING][0m Image not found, building...
[0;34m[INFO][0m Building KATO v2.0 Docker image...
[0;32m[SUCCESS][0m KATO v2.0 Docker image built successfully
[0;34m[INFO][0m Starting KATO v2.0 services...
[0;32m[SUCCESS][0m KATO v2.0 services started
[0;34m[INFO][0m Waiting for services to be ready...
[0;34m[INFO][0m KATO v2.0 Services Status:
[0;34m[INFO][0m Service URLs:
[0;34m[INFO][0m Health Check:
[0;34m[INFO][0m v2.0 Features:
[0;34m[INFO][0m Building KATO v2.0 Docker image...
[0;32m[SUCCESS][0m KATO v2.0 Docker image built successfully
[0;34m[INFO][0m Stopping KATO v2.0 services...
[0;32m[SUCCESS][0m KATO v2.0 services stopped
[1;33m[WARNING][0m Image not found, building...
[0;34m[INFO][0m Building KATO v2.0 Docker image...
[0;32m[SUCCESS][0m KATO v2.0 Docker image built successfully
[0;34m[INFO][0m Starting KATO v2.0 services...
[0;32m[SUCCESS][0m KATO v2.0 services started
[0;34m[INFO][0m Waiting for services to be ready...
[0;34m[INFO][0m KATO v2.0 Services Status:
[0;34m[INFO][0m Service URLs:
[0;34m[INFO][0m Health Check:
[0;34m[INFO][0m v2.0 Features:
[0;34m[INFO][0m Starting KATO in test mode (single instance)...
[0;32m[SUCCESS][0m KATO test instance started
[0;34m[INFO][0m Waiting for services to be ready...
[0;34m[INFO][0m KATO Test Instance Status:
[0;34m[INFO][0m Service URLs:
[0;34m[INFO][0m Health Check:
[0;34m[INFO][0m Building KATO v2.0 Docker image...
[0;32m[SUCCESS][0m KATO v2.0 Docker image built successfully
[0;34m[INFO][0m Stopping KATO v2.0 services...
[0;32m[SUCCESS][0m KATO v2.0 services stopped
[1;33m[WARNING][0m Image not found, building...
[0;34m[INFO][0m Building KATO v2.0 Docker image...
[0;32m[SUCCESS][0m KATO v2.0 Docker image built successfully
[0;34m[INFO][0m Starting KATO v2.0 services...
[0;32m[SUCCESS][0m KATO v2.0 services started
[0;34m[INFO][0m Waiting for services to be ready...
[0;34m[INFO][0m KATO v2.0 Services Status:
[0;34m[INFO][0m Service URLs:
[0;34m[INFO][0m Health Check:
[0;34m[INFO][0m v2.0 Features:
[0;34m[INFO][0m Building KATO v2.0 Docker image...
[0;32m[SUCCESS][0m KATO v2.0 Docker image built successfully
[0;34m[INFO][0m Stopping KATO v2.0 services...
[0;32m[SUCCESS][0m KATO v2.0 services stopped
[1;33m[WARNING][0m Image not found, building...
[0;34m[INFO][0m Building KATO v2.0 Docker image...
[0;32m[SUCCESS][0m KATO v2.0 Docker image built successfully
[0;34m[INFO][0m Starting KATO v2.0 services...
[0;32m[SUCCESS][0m KATO v2.0 services started
[0;34m[INFO][0m Waiting for services to be ready...
[0;34m[INFO][0m KATO v2.0 Services Status:
[0;34m[INFO][0m Service URLs:
[0;34m[INFO][0m Health Check:
[0;34m[INFO][0m v2.0 Features:
[0;34m[INFO][0m Starting KATO in test mode (single instance)...
[0;32m[SUCCESS][0m KATO test instance started
[0;34m[INFO][0m Waiting for services to be ready...
[0;34m[INFO][0m KATO Test Instance Status:
[0;34m[INFO][0m Service URLs:
[0;34m[INFO][0m Health Check:
[0;34m[INFO][0m KATO v2.0 Services Status:
[0;34m[INFO][0m Service URLs:
[0;34m[INFO][0m Health Check:
[0;34m[INFO][0m v2.0 Features:
[0;34m[INFO][0m KATO v2.0 Services Status:
[0;34m[INFO][0m Service URLs:
[0;34m[INFO][0m Health Check:
[0;34m[INFO][0m v2.0 Features:
[0;34m[INFO][0m Stopping KATO v2.0 services...
[0;32m[SUCCESS][0m KATO v2.0 services stopped
[1;33m[WARNING][0m Image not found, building...
[0;34m[INFO][0m Building KATO v2.0 Docker image...
[0;32m[SUCCESS][0m KATO v2.0 Docker image built successfully
[0;34m[INFO][0m Starting KATO v2.0 services...
[0;34m[INFO][0m Building KATO v2.0 Docker image...
[0;32m[SUCCESS][0m KATO v2.0 Docker image built successfully
[0;34m[INFO][0m Stopping KATO v2.0 services...
[0;32m[SUCCESS][0m KATO v2.0 services stopped
[1;33m[WARNING][0m Image not found, building...
[0;34m[INFO][0m Building KATO v2.0 Docker image...
[0;32m[SUCCESS][0m KATO v2.0 Docker image built successfully
[0;34m[INFO][0m Starting KATO v2.0 services...
[0;32m[SUCCESS][0m KATO v2.0 services started
[0;34m[INFO][0m Waiting for services to be ready...
[0;34m[INFO][0m KATO v2.0 Services Status:
[0;34m[INFO][0m Service URLs:
[0;34m[INFO][0m Health Check:
[0;34m[INFO][0m v2.0 Features:
[0;34m[INFO][0m Building KATO v2.0 Docker image...
[0;32m[SUCCESS][0m KATO v2.0 Docker image built successfully
[0;34m[INFO][0m Stopping KATO v2.0 services...
[0;32m[SUCCESS][0m KATO v2.0 services stopped
[1;33m[WARNING][0m Image not found, building...
[0;34m[INFO][0m Building KATO v2.0 Docker image...
[0;32m[SUCCESS][0m KATO v2.0 Docker image built successfully
[0;34m[INFO][0m Starting KATO v2.0 services...
[0;32m[SUCCESS][0m KATO v2.0 services started
[0;34m[INFO][0m Waiting for services to be ready...
[0;34m[INFO][0m KATO v2.0 Services Status:
[0;34m[INFO][0m Service URLs:
[0;34m[INFO][0m Health Check:
[0;34m[INFO][0m v2.0 Features:
[0;34m[INFO][0m Building KATO v2.0 Docker image...
[0;32m[SUCCESS][0m KATO v2.0 Docker image built successfully
[0;34m[INFO][0m Starting KATO in test mode (single instance)...
[0;31m[ERROR][0m Failed to start test services
[0;34m[INFO][0m Building KATO v2.0 Docker image...
[0;32m[SUCCESS][0m KATO v2.0 Docker image built successfully
[0;34m[INFO][0m Stopping KATO v2.0 services...
[0;32m[SUCCESS][0m KATO v2.0 services stopped
[1;33m[WARNING][0m Image not found, building...
[0;34m[INFO][0m Building KATO v2.0 Docker image...
[0;32m[SUCCESS][0m KATO v2.0 Docker image built successfully
[0;34m[INFO][0m Starting KATO v2.0 services...
[0;32m[SUCCESS][0m KATO v2.0 services started
[0;34m[INFO][0m Waiting for services to be ready...
[0;34m[INFO][0m KATO v2.0 Services Status:
[0;34m[INFO][0m Service URLs:
[0;34m[INFO][0m Health Check:
[0;34m[INFO][0m v2.0 Features:
[0;34m[INFO][0m KATO v2.0 Services Status:
[0;34m[INFO][0m Service URLs:
[0;34m[INFO][0m Health Check:
[0;34m[INFO][0m v2.0 Features:
[0;34m[INFO][0m Stopping KATO v2.0 services...
[0;32m[SUCCESS][0m KATO v2.0 services stopped
[1;33m[WARNING][0m Image not found, building...
[0;34m[INFO][0m Building KATO v2.0 Docker image...
[0;32m[SUCCESS][0m KATO v2.0 Docker image built successfully
[0;34m[INFO][0m Starting KATO v2.0 services...
[0;32m[SUCCESS][0m KATO v2.0 services started
[0;34m[INFO][0m Waiting for services to be ready...
[0;34m[INFO][0m KATO v2.0 Services Status:
[0;34m[INFO][0m Service URLs:
[0;34m[INFO][0m Health Check:
[0;34m[INFO][0m v2.0 Features:
[0;34m[INFO][0m Starting KATO in test mode (single instance)...
[0;31m[ERROR][0m Failed to start test services
[0;34m[INFO][0m Starting KATO in test mode (single instance)...
[0;32m[SUCCESS][0m KATO test instance started
[0;34m[INFO][0m Waiting for services to be ready...
[0;34m[INFO][0m KATO Test Instance Status:
[0;34m[INFO][0m Service URLs:
[0;34m[INFO][0m Health Check:
[0;34m[INFO][0m Starting KATO in test mode (single instance)...
[0;32m[SUCCESS][0m KATO test instance started
[0;34m[INFO][0m Waiting for services to be ready...
[0;34m[INFO][0m KATO Test Instance Status:
[0;34m[INFO][0m Service URLs:
[0;34m[INFO][0m Health Check:
[0;34m[INFO][0m Building KATO v2.0 Docker image...
[0;32m[SUCCESS][0m KATO v2.0 Docker image built successfully
[0;34m[INFO][0m Stopping KATO v2.0 services...
[0;32m[SUCCESS][0m KATO v2.0 services stopped
[1;33m[WARNING][0m Image not found, building...
[0;34m[INFO][0m Building KATO v2.0 Docker image...
[0;32m[SUCCESS][0m KATO v2.0 Docker image built successfully
[0;34m[INFO][0m Starting KATO v2.0 services...
[0;34m[INFO][0m Stopping KATO v2.0 services...
[0;32m[SUCCESS][0m KATO v2.0 services stopped
[1;33m[WARNING][0m Image not found, building...
[0;34m[INFO][0m Building KATO v2.0 Docker image...
[0;32m[SUCCESS][0m KATO v2.0 Docker image built successfully
[0;34m[INFO][0m Starting KATO v2.0 services...
[0;34m[INFO][0m Stopping KATO v2.0 services...
[0;32m[SUCCESS][0m KATO v2.0 services stopped
[1;33m[WARNING][0m Image not found, building...
[0;34m[INFO][0m Building KATO v2.0 Docker image...
[0;32m[SUCCESS][0m KATO v2.0 Docker image built successfully
[0;34m[INFO][0m Starting KATO v2.0 services...
[0;32m[SUCCESS][0m KATO v2.0 services started
[0;34m[INFO][0m Waiting for services to be ready...
[0;34m[INFO][0m KATO v2.0 Services Status:
[0;34m[INFO][0m Service URLs:
[0;34m[INFO][0m Health Check:
[0;34m[INFO][0m v2.0 Features:
[0;34m[INFO][0m Starting KATO in test mode (single instance)...
[0;31m[ERROR][0m Failed to start test services
[0;34m[INFO][0m Starting KATO in test mode (single instance)...
[0;32m[SUCCESS][0m KATO test instance started
[0;34m[INFO][0m Waiting for services to be ready...
[0;34m[INFO][0m KATO Test Instance Status:
[0;34m[INFO][0m Service URLs:
[0;34m[INFO][0m Health Check:
[0;34m[INFO][0m Stopping and removing KATO test containers...
[0;32m[SUCCESS][0m KATO test containers stopped and removed
[0;34m[INFO][0m Starting KATO in test mode (single instance)...
[0;32m[SUCCESS][0m KATO test instance started
[0;34m[INFO][0m Waiting for services to be ready...
[0;34m[INFO][0m KATO Test Instance Status:
[0;34m[INFO][0m Service URLs:
[0;34m[INFO][0m Health Check:
[0;34m[INFO][0m Starting KATO in test mode (single instance)...
[0;32m[SUCCESS][0m KATO test instance started
[0;34m[INFO][0m Waiting for services to be ready...
[0;34m[INFO][0m KATO Test Instance Status:
[0;34m[INFO][0m Service URLs:
[0;34m[INFO][0m Health Check:
[0;34m[INFO][0m Stopping and removing KATO test containers...
[0;32m[SUCCESS][0m KATO test containers stopped and removed
[0;34m[INFO][0m Starting KATO in test mode (single instance)...
[0;32m[SUCCESS][0m KATO test instance started
[0;34m[INFO][0m Waiting for services to be ready...
[0;34m[INFO][0m KATO Test Instance Status:
[0;34m[INFO][0m Service URLs:
[0;34m[INFO][0m Health Check:
[0;34m[INFO][0m Stopping and removing KATO test containers...
[0;32m[SUCCESS][0m KATO test containers stopped and removed
[0;34m[INFO][0m Starting KATO in test mode (single instance)...
[0;32m[SUCCESS][0m KATO test instance started
[0;34m[INFO][0m Waiting for services to be ready...
[0;34m[INFO][0m KATO Test Instance Status:
[0;34m[INFO][0m Service URLs:
[0;34m[INFO][0m Health Check:
[0;34m[INFO][0m Starting KATO in test mode (single instance)...
[0;32m[SUCCESS][0m KATO test instance started
[0;34m[INFO][0m Waiting for services to be ready...
[0;34m[INFO][0m KATO Test Instance Status:
[0;34m[INFO][0m Service URLs:
[0;34m[INFO][0m Health Check:
[0;34m[INFO][0m Starting KATO in test mode (single instance)...
[0;32m[SUCCESS][0m KATO test instance started
[0;34m[INFO][0m Waiting for services to be ready...
[0;34m[INFO][0m KATO Test Instance Status:
[0;34m[INFO][0m Service URLs:
[0;34m[INFO][0m Health Check:
[0;34m[INFO][0m Starting KATO in test mode (single instance)...
[0;32m[SUCCESS][0m KATO test instance started
[0;34m[INFO][0m Waiting for services to be ready...
[0;34m[INFO][0m KATO Test Instance Status:
[0;34m[INFO][0m Service URLs:
[0;34m[INFO][0m Health Check:
[0;34m[INFO][0m Stopping and removing KATO test containers...
[0;32m[SUCCESS][0m KATO test containers stopped and removed
[0;34m[INFO][0m Starting KATO in test mode (single instance)...
[0;32m[SUCCESS][0m KATO test instance started
[0;34m[INFO][0m Waiting for services to be ready...
[0;34m[INFO][0m KATO Test Instance Status:
[0;34m[INFO][0m Service URLs:
[0;34m[INFO][0m Health Check:
[0;34m[INFO][0m Stopping and removing KATO test containers...
[0;32m[SUCCESS][0m KATO test containers stopped and removed
[0;34m[INFO][0m Starting KATO in test mode (single instance)...
[0;32m[SUCCESS][0m KATO test instance started
[0;34m[INFO][0m Waiting for services to be ready...
[0;34m[INFO][0m KATO Test Instance Status:
[0;34m[INFO][0m Service URLs:
[0;34m[INFO][0m Health Check:
[0;34m[INFO][0m Stopping and removing KATO test containers...
[0;32m[SUCCESS][0m KATO test containers stopped and removed
[0;34m[INFO][0m Starting KATO in test mode (single instance)...
[0;32m[SUCCESS][0m KATO test instance started
[0;34m[INFO][0m Waiting for services to be ready...
[0;34m[INFO][0m KATO Test Instance Status:
[0;34m[INFO][0m Service URLs:
[0;34m[INFO][0m Health Check:
[0;34m[INFO][0m Stopping and removing KATO test containers...
[0;32m[SUCCESS][0m KATO test containers stopped and removed
[0;34m[INFO][0m Starting KATO in test mode (single instance)...
[0;32m[SUCCESS][0m KATO test instance started
[0;34m[INFO][0m Waiting for services to be ready...
[0;34m[INFO][0m KATO Test Instance Status:
[0;34m[INFO][0m Service URLs:
[0;34m[INFO][0m Health Check:
[0;34m[INFO][0m Stopping and removing KATO test containers...
[0;32m[SUCCESS][0m KATO test containers stopped and removed
[0;34m[INFO][0m Starting KATO in test mode (single instance)...
[0;32m[SUCCESS][0m KATO test instance started
[0;34m[INFO][0m Waiting for services to be ready...
[0;34m[INFO][0m KATO Test Instance Status:
[0;34m[INFO][0m Service URLs:
[0;34m[INFO][0m Health Check:
[0;34m[INFO][0m Stopping and removing KATO test containers...
[0;32m[SUCCESS][0m KATO test containers stopped and removed
[0;34m[INFO][0m Stopping and removing KATO test containers...
[0;32m[SUCCESS][0m KATO test containers stopped and removed
[0;34m[INFO][0m Starting KATO in test mode (single instance)...
[1;33m[WARNING][0m Image not found, building...
[0;34m[INFO][0m Building KATO v2.0 Docker image...
[0;32m[SUCCESS][0m KATO v2.0 Docker image built successfully
[0;34m[INFO][0m Starting KATO in test mode (single instance)...
[1;33m[WARNING][0m Image not found, building...
[0;34m[INFO][0m Building KATO v2.0 Docker image...
[0;32m[SUCCESS][0m KATO v2.0 Docker image built successfully
[0;34m[INFO][0m Stopping and removing KATO test containers...
[0;31m[ERROR][0m Failed to start test services
[0;32m[SUCCESS][0m KATO test containers stopped and removed
[0;34m[INFO][0m KATO v2.0 Services Status:
[0;34m[INFO][0m Service URLs:
[0;34m[INFO][0m Health Check:
[0;34m[INFO][0m v2.0 Features:
[1;33m[WARNING][0m Image not found, building...
[0;34m[INFO][0m Building KATO v2.0 Docker image...
[0;32m[SUCCESS][0m KATO v2.0 Docker image built successfully
[0;34m[INFO][0m Starting KATO v2.0 services...
[0;32m[SUCCESS][0m KATO v2.0 services started
[0;34m[INFO][0m Waiting for services to be ready...
[0;34m[INFO][0m KATO v2.0 Services Status:
[0;34m[INFO][0m Service URLs:
[0;34m[INFO][0m Health Check:
[0;34m[INFO][0m v2.0 Features:
[0;34m[INFO][0m Starting KATO in test mode (single instance)...
[1;33m[WARNING][0m Image not found, building...
[0;34m[INFO][0m Building KATO v2.0 Docker image...
[0;32m[SUCCESS][0m KATO v2.0 Docker image built successfully
[0;31m[ERROR][0m Failed to start test services
[0;34m[INFO][0m Stopping KATO v2.0 services...
[0;32m[SUCCESS][0m KATO v2.0 services stopped
[0;34m[INFO][0m Starting KATO in test mode (single instance)...
[1;33m[WARNING][0m Image not found, building...
[0;34m[INFO][0m Building KATO v2.0 Docker image...
[0;32m[SUCCESS][0m KATO v2.0 Docker image built successfully
[0;32m[SUCCESS][0m KATO test instance started
[0;34m[INFO][0m Waiting for services to be ready...
[0;34m[INFO][0m KATO Test Instance Status:
[0;34m[INFO][0m Service URLs:
[0;34m[INFO][0m Health Check:
[1;33m[WARNING][0m Image not found, building...
[0;34m[INFO][0m Building KATO v2.0 Docker image...
[0;32m[SUCCESS][0m KATO v2.0 Docker image built successfully
[0;34m[INFO][0m Starting KATO v2.0 services...
[0;32m[SUCCESS][0m KATO v2.0 services started
[0;34m[INFO][0m Waiting for services to be ready...
[0;34m[INFO][0m KATO v2.0 Services Status:
[0;34m[INFO][0m Service URLs:
[0;34m[INFO][0m Health Check:
[0;34m[INFO][0m v2.0 Features:
[0;34m[INFO][0m Starting KATO in test mode (single instance)...
[1;33m[WARNING][0m Image not found, building...
[0;34m[INFO][0m Building KATO v2.0 Docker image...
[0;32m[SUCCESS][0m KATO v2.0 Docker image built successfully
[0;31m[ERROR][0m Failed to start test services
[0;34m[INFO][0m Stopping KATO v2.0 services...
[0;32m[SUCCESS][0m KATO v2.0 services stopped
[0;34m[INFO][0m Stopping and removing KATO v2.0 containers...
[0;32m[SUCCESS][0m KATO v2.0 containers stopped and removed
[1;33m[WARNING][0m Image not found, building...
[0;34m[INFO][0m Building KATO v2.0 Docker image...
[0;32m[SUCCESS][0m KATO v2.0 Docker image built successfully
[0;34m[INFO][0m KATO v2.0 Services Status:
[0;34m[INFO][0m Service URLs (Dynamic Ports):
[0;34m[INFO][0m Health Check:
[0;34m[INFO][0m v2.0 Features:
[0;34m[INFO][0m Stopping and removing KATO v2.0 containers...
[0;32m[SUCCESS][0m KATO v2.0 containers stopped and removed
[1;33m[WARNING][0m Image not found, building...
[0;34m[INFO][0m Building KATO v2.0 Docker image...
[0;32m[SUCCESS][0m KATO v2.0 Docker image built successfully
[0;34m[INFO][0m Starting KATO v2.0 services...
[1;33m[WARNING][0m Image not found, building...
[0;34m[INFO][0m Building KATO v2.0 Docker image...
[0;32m[SUCCESS][0m KATO v2.0 Docker image built successfully
[0;34m[INFO][0m Starting KATO v2.0 services...
[0;32m[SUCCESS][0m KATO v2.0 services started
[0;34m[INFO][0m Waiting for services to be ready...
[0;34m[INFO][0m KATO v2.0 Services Status:
[0;34m[INFO][0m Service URLs (Fixed Ports):
[0;34m[INFO][0m Health Check:
[0;34m[INFO][0m v2.0 Features:
[0;34m[INFO][0m Stopping and removing KATO v2.0 containers...
[0;32m[SUCCESS][0m KATO v2.0 containers stopped and removed
[1;33m[WARNING][0m Image not found, building...
[0;34m[INFO][0m Building KATO v2.0 Docker image...
[0;32m[SUCCESS][0m KATO v2.0 Docker image built successfully
[0;34m[INFO][0m Starting KATO v2.0 services...
[0;32m[SUCCESS][0m KATO v2.0 services started
[0;34m[INFO][0m Waiting for services to be ready...
[0;34m[INFO][0m Discovering dynamic port assignments...
[0;34m[INFO][0m KATO v2.0 Services Status:
[0;34m[INFO][0m Service URLs (Dynamic Ports):
[0;34m[INFO][0m Health Check:
[0;34m[INFO][0m v2.0 Features:
[0;34m[INFO][0m Starting KATO in test mode (single instance)...
[1;33m[WARNING][0m Image not found, building...
[0;34m[INFO][0m Building KATO v2.0 Docker image...
[0;32m[SUCCESS][0m KATO v2.0 Docker image built successfully
[0;32m[SUCCESS][0m KATO test instance started
[0;34m[INFO][0m Waiting for services to be ready...
[0;34m[INFO][0m KATO Test Instance Status:
[0;34m[INFO][0m Service URLs:
[0;34m[INFO][0m Health Check:
[0;34m[INFO][0m Stopping and removing KATO test containers...
[0;32m[SUCCESS][0m KATO test containers stopped and removed
[0;34m[INFO][0m KATO v2.0 Services Status:
[0;34m[INFO][0m Service URLs (Dynamic Ports):
[0;34m[INFO][0m Health Check:
[0;34m[INFO][0m v2.0 Features:
[0;34m[INFO][0m Starting KATO in test mode (single instance)...
[1;33m[WARNING][0m Image not found, building...
[0;34m[INFO][0m Building KATO v2.0 Docker image...
[0;32m[SUCCESS][0m KATO v2.0 Docker image built successfully
[0;31m[ERROR][0m Failed to start test services
[0;34m[INFO][0m Stopping and removing KATO v2.0 containers...
[0;32m[SUCCESS][0m KATO v2.0 containers stopped and removed
[0;34m[INFO][0m KATO v2.0 Services Status:
[0;34m[INFO][0m Service URLs (Dynamic Ports):
[0;34m[INFO][0m Health Check:
[0;34m[INFO][0m v2.0 Features:
[1;33m[WARNING][0m Image not found, building...
[0;34m[INFO][0m Building KATO v2.0 Docker image...
[0;32m[SUCCESS][0m KATO v2.0 Docker image built successfully
[0;34m[INFO][0m Starting KATO v2.0 services...
[0;32m[SUCCESS][0m KATO v2.0 services started
[0;34m[INFO][0m Waiting for services to be ready...
[0;34m[INFO][0m Discovering dynamic port assignments...
[0;34m[INFO][0m KATO v2.0 Services Status:
[0;34m[INFO][0m Service URLs (Dynamic Ports):
[0;34m[INFO][0m Health Check:
[0;34m[INFO][0m v2.0 Features:
[0;34m[INFO][0m Stopping KATO v2.0 services...
[0;34m[INFO][0m Stopping KATO v2.0 services...
[1;33m[WARNING][0m Image not found, building...
[0;34m[INFO][0m Building KATO v2.0 Docker image...
[0;32m[SUCCESS][0m KATO v2.0 Docker image built successfully
[0;34m[INFO][0m Starting KATO v2.0 services...
[0;32m[SUCCESS][0m KATO v2.0 services started
[0;34m[INFO][0m Waiting for services to be ready...
[0;34m[INFO][0m Discovering dynamic port assignments...
[0;34m[INFO][0m KATO v2.0 Services Status:
[0;34m[INFO][0m Service URLs (Dynamic Ports):
[0;34m[INFO][0m Health Check:
[0;34m[INFO][0m v2.0 Features:
[1;33m[WARNING][0m Image not found, building...
[0;34m[INFO][0m Building KATO v2.0 Docker image...
[0;32m[SUCCESS][0m KATO v2.0 Docker image built successfully
[0;34m[INFO][0m Starting KATO v2.0 services...
[0;32m[SUCCESS][0m KATO v2.0 services started
[0;34m[INFO][0m Waiting for services to be ready...
[0;34m[INFO][0m Discovering dynamic port assignments...
[0;34m[INFO][0m KATO v2.0 Services Status:
[0;34m[INFO][0m Service URLs (Dynamic Ports):
[0;34m[INFO][0m Health Check:
[0;34m[INFO][0m v2.0 Features:
[0;34m[INFO][0m Stopping and removing KATO v2.0 containers...
[0;32m[SUCCESS][0m KATO v2.0 containers stopped and removed
[0;34m[INFO][0m Starting KATO in test mode (single instance)...
[1;33m[WARNING][0m Image not found, building...
[0;34m[INFO][0m Building KATO v2.0 Docker image...
[0;32m[SUCCESS][0m KATO v2.0 Docker image built successfully
[0;32m[SUCCESS][0m KATO test instance started
[0;34m[INFO][0m Waiting for services to be ready...
[0;34m[INFO][0m KATO Test Instance Status:
[0;34m[INFO][0m Service URLs:
[0;34m[INFO][0m Health Check:
[0;34m[INFO][0m Stopping and removing KATO test containers...
[0;32m[SUCCESS][0m KATO test containers stopped and removed
[0;34m[INFO][0m KATO v2.0 Services Status:
[0;34m[INFO][0m Service URLs (Dynamic Ports):
[0;34m[INFO][0m Health Check:
[0;34m[INFO][0m v2.0 Features:
[1;33m[WARNING][0m Image not found, building...
[0;34m[INFO][0m Building KATO v2.0 Docker image...
[0;32m[SUCCESS][0m KATO v2.0 Docker image built successfully
[0;34m[INFO][0m Starting KATO v2.0 services...
[0;32m[SUCCESS][0m KATO v2.0 services started
[0;34m[INFO][0m Waiting for services to be ready...
[0;34m[INFO][0m Discovering dynamic port assignments...
[0;34m[INFO][0m KATO v2.0 Services Status:
[0;34m[INFO][0m Service URLs (Dynamic Ports):
[0;34m[INFO][0m Health Check:
[0;34m[INFO][0m v2.0 Features:
[0;34m[INFO][0m Building KATO v2.0 Docker image...
[0;32m[SUCCESS][0m KATO v2.0 Docker image built successfully
[0;34m[INFO][0m Stopping KATO v2.0 services...
[0;32m[SUCCESS][0m KATO v2.0 services stopped
[1;33m[WARNING][0m Image not found, building...
[0;34m[INFO][0m Building KATO v2.0 Docker image...
[0;32m[SUCCESS][0m KATO v2.0 Docker image built successfully
[0;34m[INFO][0m Starting KATO v2.0 services...
[0;32m[SUCCESS][0m KATO v2.0 services started
[0;34m[INFO][0m Waiting for services to be ready...
[0;34m[INFO][0m Discovering dynamic port assignments...
[0;34m[INFO][0m KATO v2.0 Services Status:
[0;34m[INFO][0m Service URLs (Dynamic Ports):
[0;34m[INFO][0m Health Check:
[0;34m[INFO][0m v2.0 Features:
[0;34m[INFO][0m Building KATO v2.0 Docker image...
[0;32m[SUCCESS][0m KATO v2.0 Docker image built successfully
[0;34m[INFO][0m Stopping KATO v2.0 services...
[0;32m[SUCCESS][0m KATO v2.0 services stopped
[1;33m[WARNING][0m Image not found, building...
[0;34m[INFO][0m Building KATO v2.0 Docker image...
[0;32m[SUCCESS][0m KATO v2.0 Docker image built successfully
[0;34m[INFO][0m Starting KATO v2.0 services...
[0;32m[SUCCESS][0m KATO v2.0 services started
[0;34m[INFO][0m Waiting for services to be ready...
[0;34m[INFO][0m Discovering dynamic port assignments...
[0;34m[INFO][0m KATO v2.0 Services Status:
[0;34m[INFO][0m Service URLs (Dynamic Ports):
[0;34m[INFO][0m Health Check:
[0;34m[INFO][0m v2.0 Features:
[0;34m[INFO][0m Building KATO v2.0 Docker image...
[0;32m[SUCCESS][0m KATO v2.0 Docker image built successfully
[0;34m[INFO][0m Stopping KATO v2.0 services...
[0;32m[SUCCESS][0m KATO v2.0 services stopped
[1;33m[WARNING][0m Image not found, building...
[0;34m[INFO][0m Building KATO v2.0 Docker image...
[0;32m[SUCCESS][0m KATO v2.0 Docker image built successfully
[0;34m[INFO][0m Starting KATO v2.0 services...
[0;32m[SUCCESS][0m KATO v2.0 services started
[0;34m[INFO][0m Waiting for services to be ready...
[0;34m[INFO][0m Discovering dynamic port assignments...
[0;34m[INFO][0m KATO v2.0 Services Status:
[0;34m[INFO][0m Service URLs (Dynamic Ports):
[0;34m[INFO][0m Health Check:
[0;34m[INFO][0m v2.0 Features:
[0;34m[INFO][0m Starting KATO in test mode (single instance)...
[1;33m[WARNING][0m Image not found, building...
[0;34m[INFO][0m Building KATO v2.0 Docker image...
[0;32m[SUCCESS][0m KATO v2.0 Docker image built successfully
[0;32m[SUCCESS][0m KATO test instance started
[0;34m[INFO][0m Waiting for services to be ready...
[0;34m[INFO][0m KATO Test Instance Status:
[0;34m[INFO][0m Service URLs:
[0;34m[INFO][0m Health Check:
[0;34m[INFO][0m Stopping and removing KATO test containers...
[0;32m[SUCCESS][0m KATO test containers stopped and removed
[0;34m[INFO][0m KATO v2.0 Services Status:
[0;34m[INFO][0m Service URLs (Dynamic Ports):
[0;34m[INFO][0m Health Check:
[0;34m[INFO][0m v2.0 Features:
[0;34m[INFO][0m Starting KATO in test mode (single instance)...
[1;33m[WARNING][0m Image not found, building...
[0;34m[INFO][0m Building KATO v2.0 Docker image...
[0;32m[SUCCESS][0m KATO v2.0 Docker image built successfully
[0;32m[SUCCESS][0m KATO test instance started
[0;34m[INFO][0m Waiting for services to be ready...
[0;34m[INFO][0m KATO Test Instance Status:
[0;34m[INFO][0m Service URLs:
[0;34m[INFO][0m Health Check:
[0;34m[INFO][0m Stopping and removing KATO test containers...
[0;32m[SUCCESS][0m KATO test containers stopped and removed
[0;34m[INFO][0m KATO v2.0 Services Status:
[0;34m[INFO][0m Service URLs (Dynamic Ports):
[0;34m[INFO][0m Health Check:
[0;34m[INFO][0m v2.0 Features:
[0;34m[INFO][0m Stopping KATO v2.0 services...
[0;32m[SUCCESS][0m KATO v2.0 services stopped
[1;33m[WARNING][0m Image not found, building...
[0;34m[INFO][0m Building KATO v2.0 Docker image...
[0;32m[SUCCESS][0m KATO v2.0 Docker image built successfully
[0;34m[INFO][0m Starting KATO v2.0 services...
[0;32m[SUCCESS][0m KATO v2.0 services started
[0;34m[INFO][0m Waiting for services to be ready...
[0;34m[INFO][0m Discovering dynamic port assignments...
[0;34m[INFO][0m KATO v2.0 Services Status:
[0;34m[INFO][0m Service URLs (Dynamic Ports):
[0;34m[INFO][0m Health Check:
[0;34m[INFO][0m v2.0 Features:
[0;34m[INFO][0m Stopping and removing KATO v2.0 containers...
[0;32m[SUCCESS][0m KATO v2.0 containers stopped and removed
[0;34m[INFO][0m Starting KATO in test mode (single instance)...
[1;33m[WARNING][0m Image not found, building...
[0;34m[INFO][0m Building KATO v2.0 Docker image...
[0;32m[SUCCESS][0m KATO v2.0 Docker image built successfully
[0;32m[SUCCESS][0m KATO test instance started
[0;34m[INFO][0m Waiting for services to be ready...
[0;34m[INFO][0m KATO Test Instance Status:
[0;34m[INFO][0m Service URLs:
[0;34m[INFO][0m Health Check:
[0;34m[INFO][0m Stopping and removing KATO test containers...
[0;32m[SUCCESS][0m KATO test containers stopped and removed
[0;31m[ERROR][0m Unknown command: clean
[0;34m[INFO][0m Building KATO v2.0 Docker image...
[0;32m[SUCCESS][0m KATO v2.0 Docker image built successfully
[0;34m[INFO][0m KATO v2.0 Services Status:
[0;34m[INFO][0m Service URLs (Dynamic Ports):
[0;34m[INFO][0m Health Check:
[0;34m[INFO][0m v2.0 Features:
[1;33m[WARNING][0m Image not found, building...
[0;34m[INFO][0m Building KATO v2.0 Docker image...
[0;32m[SUCCESS][0m KATO v2.0 Docker image built successfully
[0;34m[INFO][0m Starting KATO v2.0 services...
[0;32m[SUCCESS][0m KATO v2.0 services started
[0;34m[INFO][0m Waiting for services to be ready...
[0;34m[INFO][0m Discovering dynamic port assignments...
[0;34m[INFO][0m KATO v2.0 Services Status:
[0;34m[INFO][0m Service URLs (Dynamic Ports):
[0;34m[INFO][0m Health Check:
[0;34m[INFO][0m v2.0 Features:
[0;34m[INFO][0m Building KATO v2.0 Docker image...
[0;32m[SUCCESS][0m KATO v2.0 Docker image built successfully
[0;34m[INFO][0m Stopping KATO v2.0 services...
[0;32m[SUCCESS][0m KATO v2.0 services stopped
[1;33m[WARNING][0m Image not found, building...
[0;34m[INFO][0m Building KATO v2.0 Docker image...
[0;32m[SUCCESS][0m KATO v2.0 Docker image built successfully
[0;34m[INFO][0m Starting KATO v2.0 services...
[0;32m[SUCCESS][0m KATO v2.0 services started
[0;34m[INFO][0m Waiting for services to be ready...
[0;34m[INFO][0m Discovering dynamic port assignments...
[0;34m[INFO][0m KATO v2.0 Services Status:
[0;34m[INFO][0m Service URLs (Dynamic Ports):
[0;34m[INFO][0m Health Check:
[0;34m[INFO][0m v2.0 Features:
[0;34m[INFO][0m Building KATO v2.0 Docker image...
[0;32m[SUCCESS][0m KATO v2.0 Docker image built successfully
[0;34m[INFO][0m Stopping KATO v2.0 services...
[0;32m[SUCCESS][0m KATO v2.0 services stopped
[1;33m[WARNING][0m Image not found, building...
[0;34m[INFO][0m Building KATO v2.0 Docker image...
[0;32m[SUCCESS][0m KATO v2.0 Docker image built successfully
[0;34m[INFO][0m Starting KATO v2.0 services...
[0;32m[SUCCESS][0m KATO v2.0 services started
[0;34m[INFO][0m Waiting for services to be ready...
[0;34m[INFO][0m Discovering dynamic port assignments...
[0;34m[INFO][0m KATO v2.0 Services Status:
[0;34m[INFO][0m Service URLs (Dynamic Ports):
[0;34m[INFO][0m Health Check:
[0;34m[INFO][0m v2.0 Features:
[0;34m[INFO][0m Building KATO v2.0 Docker image...
[0;32m[SUCCESS][0m KATO v2.0 Docker image built successfully
[0;34m[INFO][0m Stopping KATO v2.0 services...
[0;32m[SUCCESS][0m KATO v2.0 services stopped
[1;33m[WARNING][0m Image not found, building...
[0;34m[INFO][0m Building KATO v2.0 Docker image...
[0;32m[SUCCESS][0m KATO v2.0 Docker image built successfully
[0;34m[INFO][0m Starting KATO v2.0 services...
[0;32m[SUCCESS][0m KATO v2.0 services started
[0;34m[INFO][0m Waiting for services to be ready...
[0;34m[INFO][0m Discovering dynamic port assignments...
[0;34m[INFO][0m KATO v2.0 Services Status:
[0;34m[INFO][0m Service URLs (Dynamic Ports):
[0;34m[INFO][0m Health Check:
[0;34m[INFO][0m v2.0 Features:
[0;34m[INFO][0m Stopping and removing KATO v2.0 containers...
[0;32m[SUCCESS][0m KATO v2.0 containers stopped and removed
[0;34m[INFO][0m Starting KATO in test mode (single instance)...
[1;33m[WARNING][0m Image not found, building...
[0;34m[INFO][0m Building KATO v2.0 Docker image...
[0;32m[SUCCESS][0m KATO v2.0 Docker image built successfully
[0;32m[SUCCESS][0m KATO test instance started
[0;34m[INFO][0m Waiting for services to be ready...
[0;34m[INFO][0m KATO Test Instance Status:
[0;34m[INFO][0m Service URLs:
[0;34m[INFO][0m Health Check:
[0;34m[INFO][0m Stopping and removing KATO test containers...
[0;32m[SUCCESS][0m KATO test containers stopped and removed
[0;34m[INFO][0m KATO v2.0 Services Status:
[0;34m[INFO][0m Service URLs (Dynamic Ports):
[0;34m[INFO][0m Health Check:
[0;34m[INFO][0m v2.0 Features:
[1;33m[WARNING][0m Image not found, building...
[0;34m[INFO][0m Building KATO v2.0 Docker image...
[0;32m[SUCCESS][0m KATO v2.0 Docker image built successfully
[0;34m[INFO][0m Starting KATO v2.0 services...
[0;32m[SUCCESS][0m KATO v2.0 services started
[0;34m[INFO][0m Waiting for services to be ready...
[0;34m[INFO][0m Discovering dynamic port assignments...
[0;34m[INFO][0m KATO v2.0 Services Status:
[0;34m[INFO][0m Service URLs (Dynamic Ports):
[0;34m[INFO][0m Health Check:
[0;34m[INFO][0m v2.0 Features:
[0;31m[ERROR][0m Docker is not installed or not in PATH
[0;34m[INFO][0m Starting KATO in test mode (single instance)...
[1;33m[WARNING][0m Image not found, building...
[0;34m[INFO][0m Building KATO v2.0 Docker image...
[0;32m[SUCCESS][0m KATO v2.0 Docker image built successfully
[0;32m[SUCCESS][0m KATO test instance started
[0;34m[INFO][0m Waiting for services to be ready...
[0;34m[INFO][0m KATO Test Instance Status:
[0;34m[INFO][0m Service URLs:
[0;34m[INFO][0m Health Check:
[0;34m[INFO][0m Stopping and removing KATO test containers...
[0;32m[SUCCESS][0m KATO test containers stopped and removed
[0;31m[ERROR][0m Docker is not installed or not in PATH
[0;34m[INFO][0m Starting KATO in test mode (single instance)...
[1;33m[WARNING][0m Image not found, building...
[0;34m[INFO][0m Building KATO v2.0 Docker image...
[0;32m[SUCCESS][0m KATO v2.0 Docker image built successfully
[0;31m[ERROR][0m Failed to start test services
[0;34m[INFO][0m Stopping and removing KATO test containers...
[0;32m[SUCCESS][0m KATO test containers stopped and removed
[0;34m[INFO][0m Starting KATO in test mode (single instance)...
[1;33m[WARNING][0m Image not found, building...
[0;34m[INFO][0m Building KATO v2.0 Docker image...
[0;32m[SUCCESS][0m KATO v2.0 Docker image built successfully
[0;32m[SUCCESS][0m KATO test instance started
[0;34m[INFO][0m Waiting for services to be ready...
[0;34m[INFO][0m KATO Test Instance Status:
[0;34m[INFO][0m Service URLs:
[0;34m[INFO][0m Health Check:
[0;34m[INFO][0m Stopping and removing KATO test containers...
[0;32m[SUCCESS][0m KATO test containers stopped and removed
[0;34m[INFO][0m Starting KATO in test mode (single instance)...
[1;33m[WARNING][0m Image not found, building...
[0;34m[INFO][0m Building KATO v2.0 Docker image...
[0;32m[SUCCESS][0m KATO v2.0 Docker image built successfully
[0;32m[SUCCESS][0m KATO test instance started
[0;34m[INFO][0m Waiting for services to be ready...
[0;34m[INFO][0m KATO Test Instance Status:
[0;34m[INFO][0m Service URLs:
[0;34m[INFO][0m Health Check:
[0;34m[INFO][0m Stopping and removing KATO test containers...
[0;32m[SUCCESS][0m KATO test containers stopped and removed
[0;34m[INFO][0m Starting KATO in test mode (single instance)...
[1;33m[WARNING][0m Image not found, building...
[0;34m[INFO][0m Building KATO v2.0 Docker image...
[0;32m[SUCCESS][0m KATO v2.0 Docker image built successfully
[0;32m[SUCCESS][0m KATO test instance started
[0;34m[INFO][0m Waiting for services to be ready...
[0;34m[INFO][0m KATO Test Instance Status:
[0;34m[INFO][0m Service URLs:
[0;34m[INFO][0m Health Check:
[0;34m[INFO][0m Stopping and removing KATO test containers...
[0;32m[SUCCESS][0m KATO test containers stopped and removed
[0;31m[ERROR][0m Docker is not installed or not in PATH
